c:\users\lenovo\documents\visual studio 2015\projects\seaaisa\seaaisa\debug\vc140.pdb
c:\users\lenovo\documents\visual studio 2015\projects\seaaisa\seaaisa\debug\vc140.idb
c:\users\lenovo\documents\visual studio 2015\projects\seaaisa\seaaisa\debug\dxscene.obj
c:\users\lenovo\documents\visual studio 2015\projects\seaaisa\seaaisa\debug\imgui.obj
c:\users\lenovo\documents\visual studio 2015\projects\seaaisa\seaaisa\debug\imgui_demo.obj
c:\users\lenovo\documents\visual studio 2015\projects\seaaisa\seaaisa\debug\imgui_draw.obj
c:\users\lenovo\documents\visual studio 2015\projects\seaaisa\seaaisa\debug\imgui_impl_dx11.obj
c:\users\lenovo\documents\visual studio 2015\projects\seaaisa\seaaisa\debug\lightmanager.obj
c:\users\lenovo\documents\visual studio 2015\projects\seaaisa\seaaisa\debug\lowlevelrendermanager.obj
c:\users\lenovo\documents\visual studio 2015\projects\seaaisa\seaaisa\debug\main.obj
c:\users\lenovo\documents\visual studio 2015\projects\seaaisa\seaaisa\debug\mainwindowui.obj
c:\users\lenovo\documents\visual studio 2015\projects\seaaisa\seaaisa\debug\materialsmanager.obj
c:\users\lenovo\documents\visual studio 2015\projects\seaaisa\seaaisa\debug\objmanager.obj
c:\users\lenovo\documents\visual studio 2015\projects\seaaisa\seaaisa\debug\primitivemanager.obj
c:\users\lenovo\documents\visual studio 2015\projects\seaaisa\seaaisa\debug\scenemanager.obj
c:\users\lenovo\documents\visual studio 2015\projects\seaaisa\seaaisa\debug\shadermanager.obj
c:\users\lenovo\documents\visual studio 2015\projects\seaaisa\seaaisa\debug\shape.obj
c:\users\lenovo\documents\visual studio 2015\projects\seaaisa\seaaisa\debug\texture.obj
c:\users\lenovo\documents\visual studio 2015\projects\seaaisa\seaaisa\debug\texturemanager.obj
c:\users\lenovo\documents\visual studio 2015\projects\seaaisa\seaaisa\debug\transform.obj
c:\users\lenovo\documents\visual studio 2015\projects\seaaisa\seaaisa\debug\wcharandwstring.obj
c:\users\lenovo\documents\visual studio 2015\projects\seaaisa\seaaisa\debug\windowsdevice.obj
c:\users\lenovo\documents\visual studio 2015\projects\seaaisa\seaaisa\debug\basicmanager.obj
c:\users\lenovo\documents\visual studio 2015\projects\seaaisa\seaaisa\debug\camera.obj
c:\users\lenovo\documents\visual studio 2015\projects\seaaisa\seaaisa\debug\cameramanager.obj
c:\users\lenovo\documents\visual studio 2015\projects\seaaisa\seaaisa\debug\dxcamera.obj
c:\users\lenovo\documents\visual studio 2015\projects\seaaisa\seaaisa\debug\dxdevice.obj
c:\users\lenovo\documents\visual studio 2015\projects\seaaisa\seaaisa\debug\dxobj.obj
c:\users\lenovo\documents\visual studio 2015\projects\seaaisa\debug\hlsl.cso
c:\users\lenovo\documents\visual studio 2015\projects\seaaisa\debug\seaaisa.ilk
c:\users\lenovo\documents\visual studio 2015\projects\seaaisa\debug\seaaisa.exe
c:\users\lenovo\documents\visual studio 2015\projects\seaaisa\debug\seaaisa.pdb
c:\users\lenovo\documents\visual studio 2015\projects\seaaisa\seaaisa\debug\seaaisa.tlog\cl.command.1.tlog
c:\users\lenovo\documents\visual studio 2015\projects\seaaisa\seaaisa\debug\seaaisa.tlog\cl.read.1.tlog
c:\users\lenovo\documents\visual studio 2015\projects\seaaisa\seaaisa\debug\seaaisa.tlog\cl.write.1.tlog
c:\users\lenovo\documents\visual studio 2015\projects\seaaisa\seaaisa\debug\seaaisa.tlog\fxc.command.1.tlog
c:\users\lenovo\documents\visual studio 2015\projects\seaaisa\seaaisa\debug\seaaisa.tlog\fxc.read.1.tlog
c:\users\lenovo\documents\visual studio 2015\projects\seaaisa\seaaisa\debug\seaaisa.tlog\fxc.write.1.tlog
c:\users\lenovo\documents\visual studio 2015\projects\seaaisa\seaaisa\debug\seaaisa.tlog\link.command.1.tlog
c:\users\lenovo\documents\visual studio 2015\projects\seaaisa\seaaisa\debug\seaaisa.tlog\link.read.1.tlog
c:\users\lenovo\documents\visual studio 2015\projects\seaaisa\seaaisa\debug\seaaisa.tlog\link.write.1.tlog
c:\users\lenovo\documents\visual studio 2015\projects\seaaisa\seaaisa\debug\seaaisa.tlog\seaaisa.write.1u.tlog
