生成启动时间为 2017/5/25 17:01:33。
     1>项目“C:\Users\lenovo\Documents\Visual Studio 2015\Projects\SeaAisa\SeaAisa\SeaAisa.vcxproj”在节点 2 上(Build 个目标)。
     1>ClCompile:
         F:\vs2015\VC\bin\CL.exe /c /ZI /nologo /W3 /WX- /sdl /Od /Oy- /D WIN32 /D _DEBUG /D _WINDOWS /D _UNICODE /D UNICODE /Gm /EHsc /RTC1 /MDd /GS /fp:precise /Zc:wchar_t /Zc:forScope /Zc:inline /openmp /Fo"Debug\\" /Fd"Debug\vc140.pdb" /Gd /TP /analyze- /errorReport:prompt shape.cpp
         shape.cpp
     1>c:\program files (x86)\windows kits\8.1\include\um\xnamath.h(2662): warning C4838: 从“unsigned int”转换到“INT”需要收缩转换
     1>c:\program files (x86)\windows kits\8.1\include\um\xnamath.h(2663): warning C4838: 从“unsigned int”转换到“INT”需要收缩转换
     1>c:\program files (x86)\windows kits\8.1\include\um\xnamath.h(2664): warning C4838: 从“unsigned int”转换到“INT”需要收缩转换
     1>c:\program files (x86)\windows kits\8.1\include\um\xnamath.h(2665): warning C4838: 从“unsigned int”转换到“INT”需要收缩转换
     1>c:\program files (x86)\windows kits\8.1\include\um\xnamath.h(2666): warning C4838: 从“unsigned int”转换到“INT”需要收缩转换
     1>c:\program files (x86)\windows kits\8.1\include\um\xnamath.h(2667): warning C4838: 从“unsigned int”转换到“INT”需要收缩转换
     1>c:\program files (x86)\windows kits\8.1\include\um\xnamath.h(2668): warning C4838: 从“unsigned int”转换到“INT”需要收缩转换
     1>c:\program files (x86)\windows kits\8.1\include\um\xnamath.h(2689): warning C4838: 从“unsigned int”转换到“INT”需要收缩转换
     1>c:\program files (x86)\windows kits\8.1\include\um\xnamath.h(2690): warning C4838: 从“unsigned int”转换到“INT”需要收缩转换
     1>c:\program files (x86)\windows kits\8.1\include\um\xnamath.h(2691): warning C4838: 从“unsigned int”转换到“INT”需要收缩转换
     1>c:\program files (x86)\windows kits\8.1\include\um\xnamath.h(2694): warning C4838: 从“unsigned int”转换到“INT”需要收缩转换
     1>c:\program files (x86)\windows kits\8.1\include\um\xnamath.h(2695): warning C4838: 从“unsigned int”转换到“INT”需要收缩转换
     1>c:\program files (x86)\windows kits\8.1\include\um\xnamath.h(2698): warning C4838: 从“unsigned int”转换到“INT”需要收缩转换
     1>c:\program files (x86)\windows kits\8.1\include\um\xnamath.h(2702): warning C4838: 从“unsigned int”转换到“INT”需要收缩转换
     1>c:\program files (x86)\windows kits\8.1\include\um\xnamath.h(2712): warning C4838: 从“unsigned int”转换到“INT”需要收缩转换
     1>c:\program files (x86)\windows kits\8.1\include\um\xnamath.h(2713): warning C4838: 从“unsigned int”转换到“INT”需要收缩转换
     1>c:\program files (x86)\windows kits\8.1\include\um\xnamath.h(2715): warning C4838: 从“unsigned int”转换到“INT”需要收缩转换
     1>c:\program files (x86)\windows kits\8.1\include\um\xnamath.h(2716): warning C4838: 从“unsigned int”转换到“INT”需要收缩转换
     1>c:\program files (x86)\windows kits\8.1\include\um\xnamath.h(2717): warning C4838: 从“unsigned int”转换到“INT”需要收缩转换
     1>c:\program files (x86)\windows kits\8.1\include\um\xnamath.h(2727): warning C4838: 从“unsigned int”转换到“INT”需要收缩转换
     1>c:\program files (x86)\windows kits\8.1\include\um\xnamath.h(2728): warning C4838: 从“unsigned int”转换到“INT”需要收缩转换
     1>c:\program files (x86)\windows kits\8.1\include\um\xnamath.h(2729): warning C4838: 从“unsigned int”转换到“INT”需要收缩转换
     1>c:\program files (x86)\windows kits\8.1\include\um\xnamath.h(2730): warning C4838: 从“unsigned int”转换到“INT”需要收缩转换
     1>c:\program files (x86)\windows kits\8.1\include\um\xnamath.h(2731): warning C4838: 从“unsigned int”转换到“INT”需要收缩转换
     1>c:\program files (x86)\windows kits\8.1\include\um\xnamath.h(2732): warning C4838: 从“unsigned int”转换到“INT”需要收缩转换
     1>c:\program files (x86)\windows kits\8.1\include\um\xnamath.h(2742): warning C4838: 从“unsigned int”转换到“INT”需要收缩转换
     1>c:\program files (x86)\windows kits\8.1\include\um\xnamath.h(2743): warning C4838: 从“unsigned int”转换到“INT”需要收缩转换
     1>c:\program files (x86)\windows kits\8.1\include\um\xnamath.h(2754): warning C4838: 从“unsigned int”转换到“INT”需要收缩转换
     1>c:\program files (x86)\windows kits\8.1\include\um\xnamathconvert.inl(2254): warning C4838: 从“unsigned int”转换到“INT”需要收缩转换
     1>c:\program files (x86)\windows kits\8.1\include\um\xnamathconvert.inl(4523): warning C4838: 从“unsigned int”转换到“INT”需要收缩转换
     1>c:\program files (x86)\windows kits\8.1\include\um\xnamathconvert.inl(4577): warning C4838: 从“unsigned int”转换到“INT”需要收缩转换
     1>c:\program files (x86)\windows kits\8.1\include\um\xnamathconvert.inl(4639): warning C4838: 从“unsigned int”转换到“INT”需要收缩转换
     1>c:\program files (x86)\windows kits\8.1\include\um\xnamathconvert.inl(4707): warning C4838: 从“unsigned int”转换到“INT”需要收缩转换
     1>c:\program files (x86)\windows kits\8.1\include\um\xnamathconvert.inl(4770): warning C4838: 从“unsigned int”转换到“INT”需要收缩转换
     1>c:\program files (x86)\windows kits\8.1\include\um\xnamathconvert.inl(4832): warning C4838: 从“unsigned int”转换到“INT”需要收缩转换
     1>c:\program files (x86)\windows kits\8.1\include\um\xnamathvector.inl(1269): warning C4838: 从“unsigned int”转换到“INT”需要收缩转换
     1>c:\program files (x86)\windows kits\8.1\include\um\xnamathmisc.inl(518): warning C4838: 从“unsigned int”转换到“INT”需要收缩转换
     1>c:\program files (x86)\windows kits\8.1\include\um\xnamathmisc.inl(519): warning C4838: 从“unsigned int”转换到“INT”需要收缩转换
     1>c:\users\lenovo\documents\visual studio 2015\projects\seaaisa\seaaisa\seeaisa.h(52): warning C4244: “参数”: 从“time_t”转换到“unsigned int”，可能丢失数据
     1>c:\users\lenovo\documents\visual studio 2015\projects\seaaisa\seaaisa\shape.h(100): warning C4244: “=”: 从“float”转换到“int”，可能丢失数据
     1>c:\users\lenovo\documents\visual studio 2015\projects\seaaisa\seaaisa\shape.cpp(14): warning C4244: “return”: 从“double”转换到“float”，可能丢失数据
     1>c:\users\lenovo\documents\visual studio 2015\projects\seaaisa\seaaisa\shape.cpp(111): warning C4715: “RayTriangleMesh::Intersection”: 不是所有的控件路径都返回值
       Link:
         F:\vs2015\VC\bin\link.exe /ERRORREPORT:PROMPT /OUT:"C:\Users\lenovo\Documents\Visual Studio 2015\Projects\SeaAisa\Debug\SeaAisa.exe" /INCREMENTAL /NOLOGO /LIBPATH:"C:\Program Files (x86)\Microsoft DirectX SDK (June 2010)\/Lib/x86" d2d1.lib d3d11.lib dxgi.lib d3dcompiler.lib d3dx11.lib d3dx11d.lib kernel32.lib user32.lib gdi32.lib winspool.lib comdlg32.lib advapi32.lib shell32.lib ole32.lib oleaut32.lib uuid.lib odbc32.lib odbccp32.lib /MANIFEST /MANIFESTUAC:"level='asInvoker' uiAccess='false'" /manifest:embed /Debug /PDB:"C:\Users\lenovo\Documents\Visual Studio 2015\Projects\SeaAisa\Debug\SeaAisa.pdb" /SUBSYSTEM:WINDOWS /HEAP:"10485760" /STACK:"10485760" /TLBID:1 /DYNAMICBASE /NXCOMPAT /IMPLIB:"C:\Users\lenovo\Documents\Visual Studio 2015\Projects\SeaAisa\Debug\SeaAisa.lib" /MACHINE:X86 Debug\basicmanager.obj
         Debug\BoundBox.obj
         Debug\cameramanager.obj
         Debug\dxcamera.obj
         Debug\dxdevice.obj
         Debug\dxobj.obj
         Debug\dxscene.obj
         Debug\imgui.obj
         Debug\imgui_demo.obj
         Debug\imgui_draw.obj
         Debug\imgui_impl_dx11.obj
         Debug\information.obj
         Debug\lightmanager.obj
         Debug\lowlevelrendermanager.obj
         Debug\main.obj
         Debug\mainwindowui.obj
         Debug\materialsmanager.obj
         Debug\objmanager.obj
         Debug\primitivemanager.obj
         Debug\RayLight.obj
         Debug\RayScene.obj
         Debug\RayTraceAlgorithm.obj
         Debug\RayTraceManager.obj
         Debug\scenemanager.obj
         Debug\shadermanager.obj
         Debug\shape.obj
         Debug\texturemanager.obj
         Debug\transform.obj
         Debug\wcharandwstring.obj
         Debug\windowsDevice.obj
         SeaAisa.vcxproj -> C:\Users\lenovo\Documents\Visual Studio 2015\Projects\SeaAisa\Debug\SeaAisa.exe
     1>已完成生成项目“C:\Users\lenovo\Documents\Visual Studio 2015\Projects\SeaAisa\SeaAisa\SeaAisa.vcxproj”(Build 个目标)的操作。

已成功生成。

已用时间 00:00:03.44
